<?xml version="1.0" encoding="UTF-8"?>
<!-- Generated by org.testng.reporters.JUnitReportReporter -->
<testsuite skipped="0" hostname="Dell" name="com.practice.learnselenium.TestGoogleSignInPage" tests="2" failures="0" timestamp="22 Apr 2018 11:19:58 GMT" time="124.679" errors="0">
  <testcase name="verifyElementsOnSignInPage" time="8.354" classname="com.practice.learnselenium.TestGoogleSignInPage"/>
  <testcase name="signInToYourGoogleAccount" time="116.325" classname="com.practice.learnselenium.TestGoogleSignInPage"/>
</testsuite> <!-- com.practice.learnselenium.TestGoogleSignInPage -->
